<?xml version="1.0" encoding="UTF-8"?>
<testng-results skipped="0" failed="0" total="1" passed="1">
  <reporter-output>
  </reporter-output>
  <suite name="Surefire suite" duration-ms="88036" started-at="2021-02-10T08:51:31Z" finished-at="2021-02-10T08:52:59Z">
    <groups>
      <group name="cucumber">
        <method signature="AbstractTestNGCucumberTests.feature(cucumber.api.testng.CucumberFeatureWrapper)[pri:0, instance:runner.TestRunner@4f933fd1]" name="feature" class="cucumber.api.testng.AbstractTestNGCucumberTests"/>
      </group> <!-- cucumber -->
    </groups>
    <test name="Surefire test" duration-ms="88036" started-at="2021-02-10T08:51:31Z" finished-at="2021-02-10T08:52:59Z">
      <class name="runner.TestRunner">
        <test-method status="PASS" signature="setUpClass()[pri:0, instance:runner.TestRunner@4f933fd1]" name="setUpClass" is-config="true" duration-ms="1073" started-at="2021-02-10T08:51:31Z" finished-at="2021-02-10T08:51:32Z">
          <reporter-output>
          </reporter-output>
        </test-method> <!-- setUpClass -->
        <test-method status="PASS" signature="feature(cucumber.api.testng.CucumberFeatureWrapper)[pri:0, instance:runner.TestRunner@4f933fd1]" name="feature" duration-ms="85531" started-at="2021-02-10T08:51:32Z" description="Runs Cucumber Feature" data-provider="features" finished-at="2021-02-10T08:52:58Z">
          <params>
            <param index="0">
              <value>
                <![CDATA[Verify login functionality]]>
              </value>
            </param>
          </params>
          <reporter-output>
          </reporter-output>
        </test-method> <!-- feature -->
        <test-method status="PASS" signature="tearDownClass()[pri:0, instance:runner.TestRunner@4f933fd1]" name="tearDownClass" is-config="true" duration-ms="1171" started-at="2021-02-10T08:52:58Z" finished-at="2021-02-10T08:52:59Z">
          <reporter-output>
          </reporter-output>
        </test-method> <!-- tearDownClass -->
      </class> <!-- runner.TestRunner -->
    </test> <!-- Surefire test -->
  </suite> <!-- Surefire suite -->
</testng-results>
